<?xml version="1.0" encoding="UTF-8"?>
<testng-results total="1" passed="1" failed="0" skipped="0">
  <reporter-output>
  </reporter-output>
  <suite started-at="2020-03-18T08:56:23Z" name="Default suite" finished-at="2020-03-18T08:57:49Z" duration-ms="85341">
    <groups>
    </groups>
    <test started-at="2020-03-18T08:56:23Z" name="Default test" finished-at="2020-03-18T08:57:49Z" duration-ms="85341">
      <class name="TriseptClass">
        <test-method is-config="true" signature="beforeTest()[pri:0, instance:TriseptClass@7c9d8e2]" started-at="2020-03-18T14:26:23Z" name="beforeTest" finished-at="2020-03-18T14:26:48Z" duration-ms="24902" status="PASS">
          <reporter-output>
          </reporter-output>
        </test-method> <!-- beforeTest -->
        <test-method signature="RecommendedDropdown()[pri:0, instance:TriseptClass@7c9d8e2]" started-at="2020-03-18T14:26:48Z" name="RecommendedDropdown" finished-at="2020-03-18T14:27:44Z" duration-ms="56099" status="PASS">
          <reporter-output>
          </reporter-output>
        </test-method> <!-- RecommendedDropdown -->
        <test-method is-config="true" signature="AfterTest()[pri:0, instance:TriseptClass@7c9d8e2]" started-at="2020-03-18T14:27:44Z" name="AfterTest" finished-at="2020-03-18T14:27:49Z" duration-ms="4324" status="PASS">
          <reporter-output>
          </reporter-output>
        </test-method> <!-- AfterTest -->
      </class> <!-- TriseptClass -->
    </test> <!-- Default test -->
  </suite> <!-- Default suite -->
</testng-results>
